<?xml version="1.0" encoding="UTF-8"?>
<testsuite name="test.pivotal.pal.tracker.EnvControllerTest" tests="1" skipped="0" failures="0" errors="0" timestamp="2019-11-19T11:05:13" hostname="pal-7-OptiPlex-7050" time="0.029">
  <properties/>
  <testcase name="getEnv" classname="test.pivotal.pal.tracker.EnvControllerTest" time="0.029"/>
  <system-out><![CDATA[]]></system-out>
  <system-err><![CDATA[]]></system-err>
</testsuite>
