<?xml version="1.0" encoding="UTF-8"?>
<testsuite name="test.pivotal.pal.trackerapi.WelcomeApiTest" tests="1" skipped="0" failures="0" errors="0" timestamp="2019-11-19T11:05:16" hostname="pal-7-OptiPlex-7050" time="0.007">
  <properties/>
  <testcase name="exampleTest" classname="test.pivotal.pal.trackerapi.WelcomeApiTest" time="0.007"/>
  <system-out><![CDATA[2019-11-19 16:35:16.406  INFO 20465 --- [    Test worker] .b.t.c.SpringBootTestContextBootstrapper : Neither @ContextConfiguration nor @ContextHierarchy found for test class [test.pivotal.pal.trackerapi.WelcomeApiTest], using SpringBootContextLoader
2019-11-19 16:35:16.407  INFO 20465 --- [    Test worker] o.s.t.c.support.AbstractContextLoader    : Could not detect default resource locations for test class [test.pivotal.pal.trackerapi.WelcomeApiTest]: no resource found for suffixes {-context.xml, Context.groovy}.
2019-11-19 16:35:16.408  INFO 20465 --- [    Test worker] .b.t.c.SpringBootTestContextBootstrapper : Loaded default TestExecutionListener class names from location [META-INF/spring.factories]: [org.springframework.boot.test.autoconfigure.restdocs.RestDocsTestExecutionListener, org.springframework.boot.test.autoconfigure.web.client.MockRestServiceServerResetTestExecutionListener, org.springframework.boot.test.autoconfigure.web.servlet.MockMvcPrintOnlyOnFailureTestExecutionListener, org.springframework.boot.test.autoconfigure.web.servlet.WebDriverTestExecutionListener, org.springframework.boot.test.mock.mockito.MockitoTestExecutionListener, org.springframework.boot.test.mock.mockito.ResetMocksTestExecutionListener, org.springframework.test.context.web.ServletTestExecutionListener, org.springframework.test.context.support.DirtiesContextBeforeModesTestExecutionListener, org.springframework.test.context.support.DependencyInjectionTestExecutionListener, org.springframework.test.context.support.DirtiesContextTestExecutionListener, org.springframework.test.context.transaction.TransactionalTestExecutionListener, org.springframework.test.context.jdbc.SqlScriptsTestExecutionListener]
2019-11-19 16:35:16.409  INFO 20465 --- [    Test worker] .b.t.c.SpringBootTestContextBootstrapper : Using TestExecutionListeners: [org.springframework.test.context.web.ServletTestExecutionListener@45110d8, org.springframework.test.context.support.DirtiesContextBeforeModesTestExecutionListener@d22cfa2, org.springframework.boot.test.mock.mockito.MockitoTestExecutionListener@6ab77dd2, org.springframework.boot.test.autoconfigure.SpringBootDependencyInjectionTestExecutionListener@4e39292b, org.springframework.test.context.support.DirtiesContextTestExecutionListener@426237e4, org.springframework.boot.test.autoconfigure.restdocs.RestDocsTestExecutionListener@5926bfd5, org.springframework.boot.test.autoconfigure.web.client.MockRestServiceServerResetTestExecutionListener@8ae00ce, org.springframework.boot.test.autoconfigure.web.servlet.MockMvcPrintOnlyOnFailureTestExecutionListener@fd91081, org.springframework.boot.test.autoconfigure.web.servlet.WebDriverTestExecutionListener@5c57cb89, org.springframework.boot.test.mock.mockito.ResetMocksTestExecutionListener@30e31fc1]
]]></system-out>
  <system-err><![CDATA[]]></system-err>
</testsuite>
